<?xml version="1.0" encoding="UTF-8" ?>
<testsuite errors="0" failures="1" hostname="boniface-HP-G60-Notebook-PC" name="com.afri.can.ItemTests" tests="1" time="0.194" timestamp="2012-02-04T23:35:04">
  <properties />
  <testcase classname="com.afri.can.ItemTests" name="testSomething" time="0.118">
    <failure message="java.lang.AssertionError: Implement me" type="junit.framework.AssertionFailedError">junit.framework.AssertionFailedError: java.lang.AssertionError: Implement me
	at com.afri.can.ItemTests.testSomething(ItemTests.groovy:15)
</failure>
  </testcase>
  <system-out><![CDATA[--Output from testSomething--
]]></system-out>
  <system-err><![CDATA[--Output from testSomething--
]]></system-err>
</testsuite>
