Testsuite: com.afri.can.HonorTests
Tests run: 1, Failures: 1, Errors: 0, Time elapsed: 4.992 sec
------------- Standard Output ---------------
--Output from testSomething--
------------- ---------------- ---------------
------------- Standard Error -----------------
--Output from testSomething--
------------- ---------------- ---------------

Testcase: testSomething took 4.734 sec
	FAILED
java.lang.AssertionError: Implement me
junit.framework.AssertionFailedError: java.lang.AssertionError: Implement me
	at com.afri.can.HonorTests.testSomething(HonorTests.groovy:15)

