Testsuite: com.afri.can.CelebGroupTests
Tests run: 1, Failures: 1, Errors: 0, Time elapsed: 0.733 sec
------------- Standard Output ---------------
--Output from testSomething--
------------- ---------------- ---------------
------------- Standard Error -----------------
--Output from testSomething--
------------- ---------------- ---------------

Testcase: testSomething took 0.6 sec
	FAILED
java.lang.AssertionError: Implement me
junit.framework.AssertionFailedError: java.lang.AssertionError: Implement me
	at com.afri.can.CelebGroupTests.testSomething(CelebGroupTests.groovy:15)

