Testsuite: com.afri.can.ProfileTests
Tests run: 1, Failures: 1, Errors: 0, Time elapsed: 0.832 sec
------------- Standard Output ---------------
--Output from testSomething--
------------- ---------------- ---------------
------------- Standard Error -----------------
--Output from testSomething--
------------- ---------------- ---------------

Testcase: testSomething took 0.737 sec
	FAILED
java.lang.AssertionError: Implement me
junit.framework.AssertionFailedError: java.lang.AssertionError: Implement me
	at com.afri.can.ProfileTests.testSomething(ProfileTests.groovy:15)

