Testsuite: com.afri.can.PostTests
Tests run: 1, Failures: 1, Errors: 0, Time elapsed: 0.214 sec
------------- Standard Output ---------------
--Output from testSomething--
------------- ---------------- ---------------
------------- Standard Error -----------------
--Output from testSomething--
------------- ---------------- ---------------

Testcase: testSomething took 0.207 sec
	FAILED
java.lang.AssertionError: Implement me
junit.framework.AssertionFailedError: java.lang.AssertionError: Implement me
	at com.afri.can.PostTests.testSomething(PostTests.groovy:15)

